Python path: /home/lekia.p/miniforge3/envs/pynta_env/bin/python
Conda environment: pynta_fairchem
ASE version: 3.22.1
2025-07-12 15:36:36,060 INFO Hostname/IP lookup (this will take a few seconds)
2025-07-12 15:36:36,060 INFO Launching Rocket
✅ Patched scipy.linalg.lapack.dsyevr
2025-07-12 15:36:39,869 INFO RUNNING fw_id: 162 in directory: /projects/westgroup/lekia.p/pynta/Fe/block_2025-07-12-17-50-43-929229/launcher_2025-07-12-19-35-31-842474
2025-07-12 15:36:39,885 INFO Task started: {{pynta.tasks.MolecularIRC}}.
     Step     Time          Energy         fmax
IRC:    0 15:38:26     -191.869433        0.0396
IRC:    1 15:38:37     -191.886371        0.3512
IRC:    2 15:38:51     -191.916635        0.4979
IRC:    3 15:39:02     -191.948854        0.5514
IRC:    4 15:39:09     -191.982056        0.5692
IRC:    5 15:39:20     -192.016388        0.5654
IRC:    6 15:39:30     -192.051660        0.5452
IRC:    7 15:39:41     -192.087297        0.5056
IRC:    8 15:39:52     -192.122798        0.4467
IRC:    9 15:40:03     -192.158053        0.3758
IRC:   10 15:40:14     -192.193539        0.3525
IRC:   11 15:40:24     -192.230208        0.3703
IRC:   12 15:40:35     -192.268940        0.3903
IRC:   13 15:40:46     -192.309849        0.4610
IRC:   14 15:40:56     -192.352048        0.5441
IRC:   15 15:41:07     -192.393871        0.5917
IRC:   16 15:41:18     -192.433164        0.5878
IRC:   17 15:41:28     -192.467581        0.5269
IRC:   18 15:41:39     -192.494901        0.4155
IRC:   19 15:41:49     -192.513522        0.2760
IRC:   20 15:42:03     -192.523069        0.1414
IRC:   21 15:42:06     -192.525878        0.0507
2025-07-12 15:42:06,943 INFO Task completed: {{pynta.tasks.MolecularIRC}}
2025-07-12 15:42:06,948 INFO Task started: FileTransferTask.
2025-07-12 15:42:07,032 INFO Task completed: FileTransferTask
2025-07-12 15:42:07,055 INFO Rocket finished
