Python path: /home/lekia.p/miniforge3/envs/pynta_env/bin/python
Conda environment: pynta_fairchem
ASE version: 3.22.1
2025-07-12 15:56:39,250 INFO Hostname/IP lookup (this will take a few seconds)
2025-07-12 15:56:39,250 INFO Launching Rocket
✅ Patched scipy.linalg.lapack.dsyevr
2025-07-12 15:56:42,808 INFO RUNNING fw_id: 188 in directory: /projects/westgroup/lekia.p/pynta/Fe/block_2025-07-12-17-50-43-929229/launcher_2025-07-12-19-56-15-743890
2025-07-12 15:56:42,826 INFO Task started: {{pynta.tasks.MolecularOptimizationTask}}.
     Step     Time          Energy         fmax         cmax       rtrust          rho
Sella   0 15:58:15     -201.236049       5.3407       0.0000       0.1000       1.0000
Sella   1 16:00:02     -202.112337       2.0299       0.0000       0.1000       1.0742
Sella   2 16:00:06     -202.407567       0.8231       0.0000       0.1000       0.9561
Sella   3 16:00:10     -202.545775       0.4502       0.0000       0.1000       0.6484
Sella   4 16:00:14     -202.654475       0.5645       0.0000       0.1000       0.7841
Sella   5 16:00:17     -202.765550       0.2816       0.0000       0.1000       0.8281
Sella   6 16:00:21     -202.850471       0.4405       0.0000       0.1000       0.8113
Sella   7 16:00:25     -202.929463       0.2908       0.0000       0.1000       0.9018
Sella   8 16:00:28     -203.023296       0.5650       0.0000       0.1000       0.8828
Sella   9 16:00:32     -203.132203       0.3486       0.0000       0.1000       0.8736
Sella  10 16:00:36     -203.245854       0.4066       0.0000       0.1150       0.9678
Sella  11 16:00:40     -203.360186       0.3729       0.0000       0.1150       0.9257
Sella  12 16:00:44     -203.493527       0.4056       0.0000       0.1150       0.8914
Sella  13 16:00:47     -203.612603       0.5817       0.0000       0.1150       0.8937
Sella  14 16:00:51     -203.757224       0.9180       0.0000       0.1150       1.1121
Sella  15 16:00:55     -203.951722       1.0039       0.0000       0.1150       0.5296
Sella  16 16:00:58     -204.139683       0.8770       0.0000       0.1150       0.6710
Sella  17 16:01:02     -204.159387       0.8059       0.0000       0.1150       0.6323
Sella  18 16:01:06     -204.319965       0.9511       0.0000       0.1150       0.9489
Sella  19 16:01:09     -204.434274       0.6099       0.0000       0.1150       0.8438
Sella  20 16:01:13     -204.498873       1.1546       0.0000       0.1150       0.7730
Sella  21 16:01:17     -204.567930       0.9394       0.0000       0.1150       0.6896
Sella  22 16:01:21     -204.547305       1.0872       0.0000       0.0747      -0.3578
Sella  23 16:01:25     -204.573962       0.2387       0.0000       0.0747       0.6820
Sella  24 16:01:29     -204.579501       0.3318       0.0000       0.0747       0.3423
Sella  25 16:01:33     -204.585273       0.2261       0.0000       0.0747       0.3470
Sella  26 16:01:36     -204.582697       0.2807       0.0000       0.0402      -0.2724
Sella  27 16:01:40     -204.591586       0.1614       0.0000       0.0402       1.0954
Sella  28 16:01:44     -204.591599       0.1203       0.0000       0.0261      -0.0292
Sella  29 16:01:48     -204.592040       0.0317       0.0000       0.0261       1.2162
2025-07-12 16:01:48,656 INFO Task completed: {{pynta.tasks.MolecularOptimizationTask}}
2025-07-12 16:01:48,660 INFO Task started: FileTransferTask.
2025-07-12 16:01:48,684 INFO Task completed: FileTransferTask
2025-07-12 16:01:48,710 INFO Rocket finished
