Python path: /home/lekia.p/miniforge3/envs/pynta_env/bin/python
Conda environment: pynta_fairchem
ASE version: 3.22.1
2025-07-12 14:06:24,272 INFO Hostname/IP lookup (this will take a few seconds)
2025-07-12 14:06:24,273 INFO Launching Rocket
✅ Patched scipy.linalg.lapack.dsyevr
2025-07-12 14:06:28,355 INFO RUNNING fw_id: 45 in directory: /projects/westgroup/lekia.p/pynta/Fe/block_2025-07-12-17-50-43-929229/launcher_2025-07-12-18-05-30-308494
2025-07-12 14:06:28,368 INFO Task started: {{pynta.tasks.MolecularOptimizationTask}}.
       Step     Time          Energy         fmax
MDMin:    0 14:07:59     -185.364585        3.7404
MDMin:    1 14:08:02     -185.391050        3.7235
MDMin:    2 14:08:04     -185.469424        3.6691
MDMin:    3 14:08:06     -185.596234        3.5653
MDMin:    4 14:08:09     -185.764672        3.3891
MDMin:    5 14:08:11     -185.962926        3.1028
MDMin:    6 14:08:14     -186.171803        2.6555
MDMin:    7 14:08:16     -186.363849        2.0037
MDMin:    8 14:08:19     -186.512514        1.2032
MDMin:    9 14:08:21     -186.626286        0.9545
MDMin:   10 14:08:24     -186.735822        0.9400
MDMin:   11 14:08:26     -186.846514        0.8829
MDMin:   12 14:08:29     -186.952404        0.7613
MDMin:   13 14:08:31     -187.047875        0.6122
MDMin:   14 14:08:34     -187.131434        0.4736
2025-07-12 14:08:34,479 INFO Task completed: {{pynta.tasks.MolecularOptimizationTask}}
2025-07-12 14:08:34,483 INFO Task started: FileTransferTask.
2025-07-12 14:08:34,506 INFO Task completed: FileTransferTask
2025-07-12 14:08:34,523 INFO Rocket finished
