Python path: /home/lekia.p/miniforge3/envs/pynta_env/bin/python
Conda environment: pynta_fairchem
ASE version: 3.22.1
2025-07-12 15:22:40,954 INFO Hostname/IP lookup (this will take a few seconds)
2025-07-12 15:22:40,955 INFO Launching Rocket
✅ Patched scipy.linalg.lapack.dsyevr
2025-07-12 15:22:47,395 INFO RUNNING fw_id: 148 in directory: /projects/westgroup/lekia.p/pynta/Fe/block_2025-07-12-17-50-43-929229/launcher_2025-07-12-19-22-01-612830
2025-07-12 15:22:47,409 INFO Task started: {{pynta.tasks.MolecularOptimizationTask}}.
     Step     Time          Energy         fmax         cmax       rtrust          rho
Sella   0 15:24:22     -190.441316       2.9139       0.0000       0.1000       1.0000
Sella   1 15:25:16     -190.580883       1.2980       0.0000       0.1000       1.1247
Sella   2 15:25:19     -190.766628       0.8009       0.0000       0.1150       0.9743
Sella   3 15:25:23     -190.973788       0.6428       0.0000       0.1150       0.8639
Sella   4 15:25:26     -191.062276       0.4167       0.0000       0.1150       0.6937
Sella   5 15:25:29     -191.079526       0.9437       0.0000       0.0747       0.1764
Sella   6 15:25:32     -191.120329       0.1922       0.0000       0.0747       0.5661
Sella   7 15:25:35     -191.143856       0.2429       0.0000       0.0747       0.7691
Sella   8 15:25:38     -191.189673       0.2581       0.0000       0.0860       1.0110
Sella   9 15:25:42     -191.253434       0.2978       0.0000       0.0989       0.9730
Sella  10 15:25:45     -191.350076       0.3883       0.0000       0.1137       0.9676
Sella  11 15:25:48     -191.479365       0.3725       0.0000       0.1137       0.9132
Sella  12 15:25:52     -191.601130       0.2539       0.0000       0.1137       0.8791
Sella  13 15:25:55     -191.691219       0.2274       0.0000       0.1137       0.8298
Sella  14 15:25:59     -191.738782       0.2010       0.0000       0.1137       0.7635
Sella  15 15:26:02     -191.761521       0.2051       0.0000       0.1137       0.8382
Sella  16 15:26:06     -191.774890       0.1152       0.0000       0.1137       1.0910
Sella  17 15:26:09     -191.785349       0.1870       0.0000       0.1137       0.9288
Sella  18 15:26:13     -191.792781       0.2992       0.0000       0.1137       0.8994
Sella  19 15:26:16     -191.807115       0.2378       0.0000       0.1137       1.1964
Sella  20 15:26:20     -191.822943       0.2143       0.0000       0.1137       1.1482
Sella  21 15:26:23     -191.829949       0.2528       0.0000       0.1137       0.6724
Sella  22 15:26:27     -191.842779       0.1590       0.0000       0.1137       0.9635
Sella  23 15:26:30     -191.853953       0.1329       0.0000       0.1137       0.9421
Sella  24 15:26:34     -191.862307       0.1144       0.0000       0.1137       0.5795
Sella  25 15:26:37     -191.869903       0.2747       0.0000       0.1137       0.9384
Sella  26 15:26:41     -191.867471       0.1613       0.0000       0.0636      -6.6061
Sella  27 15:26:44     -191.866821       0.1858       0.0000       0.0636       0.2889
Sella  28 15:26:48     -191.869223       0.1010       0.0000       0.0636       0.9329
Sella  29 15:26:51     -191.870447       0.0729       0.0000       0.0636       1.0224
Sella  30 15:26:54     -191.870538       0.0602       0.0000       0.0636       0.3785
Sella  31 15:26:58     -191.871036       0.0345       0.0000       0.0636       1.5261
2025-07-12 15:26:58,233 INFO Task completed: {{pynta.tasks.MolecularOptimizationTask}}
2025-07-12 15:26:58,239 INFO Task started: FileTransferTask.
2025-07-12 15:26:58,301 INFO Task completed: FileTransferTask
2025-07-12 15:26:58,322 INFO Rocket finished
