Python path: /home/lekia.p/miniforge3/envs/pynta_env/bin/python
Conda environment: pynta_fairchem
ASE version: 3.22.1
2025-07-12 16:05:43,364 INFO Hostname/IP lookup (this will take a few seconds)
2025-07-12 16:05:43,364 INFO Launching Rocket
✅ Patched scipy.linalg.lapack.dsyevr
2025-07-12 16:05:47,255 INFO RUNNING fw_id: 194 in directory: /projects/westgroup/lekia.p/pynta/Fe/block_2025-07-12-17-50-43-929229/launcher_2025-07-12-20-04-14-078999
2025-07-12 16:05:47,267 INFO Task started: {{pynta.tasks.MolecularIRC}}.
     Step     Time          Energy         fmax
IRC:    0 16:07:35     -204.926185        0.0427
IRC:    1 16:07:50     -204.957718        0.6920
IRC:    2 16:08:01     -205.051451        1.2612
IRC:    3 16:08:12     -205.185241        1.6390
IRC:    4 16:08:19     -205.336297        1.8408
IRC:    5 16:08:27     -205.477557        1.8807
IRC:    6 16:08:38     -205.589347        1.8204
IRC:    7 16:08:45     -205.673563        1.7093
IRC:    8 16:08:57     -205.745074        1.5810
IRC:    9 16:09:08     -205.812066        1.4431
IRC:   10 16:09:19     -205.876632        1.3025
IRC:   11 16:09:30     -205.939255        1.1588
IRC:   12 16:09:38     -206.000290        1.0067
IRC:   13 16:09:49     -206.060419        0.8590
IRC:   14 16:09:56     -206.120296        0.7262
IRC:   15 16:10:03     -206.180004        0.6132
IRC:   16 16:10:11     -206.238674        0.5628
IRC:   17 16:10:18     -206.293691        0.5012
IRC:   18 16:10:29     -206.337139        0.3493
IRC:   19 16:10:40     -206.355947        0.2052
IRC:   20 16:10:43     -206.359936        0.0577
2025-07-12 16:10:43,879 INFO Task completed: {{pynta.tasks.MolecularIRC}}
2025-07-12 16:10:43,883 INFO Task started: FileTransferTask.
2025-07-12 16:10:43,901 INFO Task completed: FileTransferTask
2025-07-12 16:10:43,922 INFO Rocket finished
