Python path: /home/lekia.p/miniforge3/envs/pynta_env/bin/python
Conda environment: pynta_fairchem
ASE version: 3.22.1
2025-07-12 16:05:42,024 INFO Hostname/IP lookup (this will take a few seconds)
2025-07-12 16:05:42,025 INFO Launching Rocket
✅ Patched scipy.linalg.lapack.dsyevr
2025-07-12 16:05:45,997 INFO RUNNING fw_id: 193 in directory: /projects/westgroup/lekia.p/pynta/Fe/block_2025-07-12-17-50-43-929229/launcher_2025-07-12-20-05-19-505933
2025-07-12 16:05:46,009 INFO Task started: {{pynta.tasks.MolecularIRC}}.
     Step     Time          Energy         fmax
IRC:    0 16:07:38     -204.592040        0.0317
IRC:    1 16:07:54     -204.624058        0.6464
IRC:    2 16:08:09     -204.689664        1.0776
IRC:    3 16:08:21     -204.752629        1.2255
IRC:    4 16:08:33     -204.809205        1.2325
IRC:    5 16:08:44     -204.861194        1.1799
IRC:    6 16:08:56     -204.909393        1.0950
IRC:    7 16:09:04     -204.954492        0.9970
IRC:    8 16:09:11     -204.997153        0.8871
IRC:    9 16:09:23     -205.038023        0.7791
IRC:   10 16:09:34     -205.077395        0.6715
IRC:   11 16:09:46     -205.114878        0.5606
IRC:   12 16:09:57     -205.149881        0.4545
IRC:   13 16:10:08     -205.181893        0.3489
IRC:   14 16:10:19     -205.210528        0.3344
IRC:   15 16:10:30     -205.235355        0.3272
IRC:   16 16:10:41     -205.256077        0.3054
IRC:   17 16:10:52     -205.272497        0.2653
IRC:   18 16:11:04     -205.284403        0.2071
IRC:   19 16:11:15     -205.291821        0.1346
IRC:   20 16:11:22     -205.295432        0.0521
2025-07-12 16:11:22,841 INFO Task completed: {{pynta.tasks.MolecularIRC}}
2025-07-12 16:11:22,846 INFO Task started: FileTransferTask.
2025-07-12 16:11:22,867 INFO Task completed: FileTransferTask
2025-07-12 16:11:22,898 INFO Rocket finished
