Python path: /home/lekia.p/miniforge3/envs/pynta_env/bin/python
Conda environment: pynta_fairchem
ASE version: 3.22.1
2025-07-12 14:30:25,951 INFO Hostname/IP lookup (this will take a few seconds)
2025-07-12 14:30:25,951 INFO Launching Rocket
✅ Patched scipy.linalg.lapack.dsyevr
2025-07-12 14:30:29,318 INFO RUNNING fw_id: 23 in directory: /projects/westgroup/lekia.p/pynta/Fe/block_2025-07-12-17-50-43-929229/launcher_2025-07-12-18-29-46-922860
2025-07-12 14:30:29,329 INFO Task started: {{pynta.tasks.MolecularOptimizationTask}}.
                Step[ FC]     Time          Energy          fmax
*Force-consistent energies used in optimization.
BFGSLineSearch:    0[  0] 14:32:00     -189.260693*       0.4834
BFGSLineSearch:    1[  3] 14:32:08     -189.503296*       0.5108
BFGSLineSearch:    2[  4] 14:32:11     -189.572001*       0.6635
BFGSLineSearch:    3[  5] 14:32:15     -189.631558*       0.2679
BFGSLineSearch:    4[  6] 14:32:18     -189.654816*       0.1396
BFGSLineSearch:    5[  7] 14:32:20     -189.661883*       0.1306
BFGSLineSearch:    6[ 10] 14:32:29     -189.679449*       0.2606
BFGSLineSearch:    7[ 13] 14:32:38     -189.724458*       0.5216
BFGSLineSearch:    8[ 15] 14:32:44     -189.754120*       0.5930
BFGSLineSearch:    9[ 16] 14:32:47     -189.866294*       0.6056
BFGSLineSearch:   10[ 17] 14:32:50     -189.933354*       0.2228
BFGSLineSearch:   11[ 18] 14:32:53     -189.953336*       0.1359
BFGSLineSearch:   12[ 20] 14:32:59     -189.965745*       0.1485
BFGSLineSearch:   13[ 23] 14:33:08     -189.977470*       0.0738
BFGSLineSearch:   14[ 25] 14:33:14     -189.982919*       0.0476
2025-07-12 14:33:14,410 INFO Task completed: {{pynta.tasks.MolecularOptimizationTask}}
2025-07-12 14:33:14,416 INFO Task started: FileTransferTask.
2025-07-12 14:33:14,434 INFO Task completed: FileTransferTask
2025-07-12 14:33:14,478 INFO Rocket finished
