Python path: /home/lekia.p/miniforge3/envs/pynta_env/bin/python
Conda environment: pynta_fairchem
ASE version: 3.22.1
2025-07-12 14:11:26,246 INFO Hostname/IP lookup (this will take a few seconds)
2025-07-12 14:11:26,247 INFO Launching Rocket
✅ Patched scipy.linalg.lapack.dsyevr
2025-07-12 14:11:30,100 INFO RUNNING fw_id: 28 in directory: /projects/westgroup/lekia.p/pynta/Fe/block_2025-07-12-17-50-43-929229/launcher_2025-07-12-18-10-32-846171
2025-07-12 14:11:30,113 INFO Task started: {{pynta.tasks.MolecularOptimizationTask}}.
       Step     Time          Energy         fmax
MDMin:    0 14:13:01     -186.256156        5.2026
MDMin:    1 14:13:03     -186.310233        5.1877
MDMin:    2 14:13:05     -186.470585        5.1301
MDMin:    3 14:13:07     -186.729827        4.9874
MDMin:    4 14:13:10     -187.070242        4.6793
MDMin:    5 14:13:12     -187.455550        4.0839
MDMin:    6 14:13:15     -187.825486        3.0985
MDMin:    7 14:13:17     -188.119341        1.9144
MDMin:    8 14:13:19     -188.331312        1.1536
MDMin:    9 14:13:22     -188.469416        0.5681
MDMin:   10 14:13:24     -188.542995        0.4527
2025-07-12 14:13:24,767 INFO Task completed: {{pynta.tasks.MolecularOptimizationTask}}
2025-07-12 14:13:24,772 INFO Task started: FileTransferTask.
2025-07-12 14:13:24,794 INFO Task completed: FileTransferTask
2025-07-12 14:13:24,823 INFO Rocket finished
