Python path: /home/lekia.p/miniforge3/envs/pynta_env/bin/python
Conda environment: pynta_fairchem
ASE version: 3.22.1
2025-07-12 15:46:44,327 INFO Hostname/IP lookup (this will take a few seconds)
2025-07-12 15:46:44,329 INFO Launching Rocket
✅ Patched scipy.linalg.lapack.dsyevr
2025-07-12 15:46:50,579 INFO RUNNING fw_id: 164 in directory: /projects/westgroup/lekia.p/pynta/Fe/block_2025-07-12-17-50-43-929229/launcher_2025-07-12-19-45-30-397200
2025-07-12 15:46:50,594 INFO Task started: {{pynta.tasks.MolecularIRC}}.
     Step     Time          Energy         fmax
IRC:    0 15:48:37     -191.728628        0.0431
IRC:    1 15:48:50     -191.758554        0.6784
IRC:    2 15:49:01     -191.844312        1.1685
IRC:    3 15:49:11     -191.955526        1.2984
IRC:    4 15:49:21     -192.058805        1.1534
IRC:    5 15:49:32     -192.146011        1.0049
IRC:    6 15:49:39     -192.221933        0.8999
IRC:    7 15:49:50     -192.289175        0.8160
IRC:    8 15:50:00     -192.348702        0.7324
IRC:    9 15:50:11     -192.400590        0.6389
IRC:   10 15:50:21     -192.444027        0.5299
IRC:   11 15:50:31     -192.477814        0.4064
IRC:   12 15:50:42     -192.501015        0.2801
IRC:   13 15:50:52     -192.513976        0.1628
IRC:   14 15:50:59     -192.518553        0.0379
2025-07-12 15:50:59,844 INFO Task completed: {{pynta.tasks.MolecularIRC}}
2025-07-12 15:50:59,848 INFO Task started: FileTransferTask.
2025-07-12 15:50:59,879 INFO Task completed: FileTransferTask
2025-07-12 15:50:59,905 INFO Rocket finished
