Python path: /home/lekia.p/miniforge3/envs/pynta_env/bin/python
Conda environment: pynta_fairchem
ASE version: 3.22.1
2025-07-12 13:59:27,036 INFO Hostname/IP lookup (this will take a few seconds)
2025-07-12 13:59:27,036 INFO Launching Rocket
✅ Patched scipy.linalg.lapack.dsyevr
2025-07-12 13:59:29,454 INFO RUNNING fw_id: 88 in directory: /projects/westgroup/lekia.p/pynta/Fe/block_2025-07-12-17-50-43-929229/launcher_2025-07-12-17-58-17-008341
2025-07-12 13:59:29,467 INFO Task started: {{pynta.tasks.MolecularOptimizationTask}}.
       Step     Time          Energy         fmax
MDMin:    0 14:01:01     -194.655932        2.4733
MDMin:    1 14:01:03     -194.677298        2.3752
MDMin:    2 14:01:06     -194.735084        2.0745
MDMin:    3 14:01:08     -194.812676        1.5897
MDMin:    4 14:01:11     -194.892079        1.3741
MDMin:    5 14:01:14     -194.968444        1.2470
MDMin:    6 14:01:16     -195.045784        1.0903
MDMin:    7 14:01:19     -195.123077        0.9242
MDMin:    8 14:01:22     -195.198144        0.7710
MDMin:    9 14:01:24     -195.270589        0.6490
MDMin:   10 14:01:27     -195.341503        0.6218
MDMin:   11 14:01:30     -195.412045        0.6108
MDMin:   12 14:01:32     -195.482064        0.5629
MDMin:   13 14:01:35     -195.547426        0.5831
MDMin:   14 14:01:37     -195.589879        0.9486
MDMin:   15 14:01:40     -195.611865        0.5994
MDMin:   16 14:01:43     -195.630778        0.6032
MDMin:   17 14:01:45     -195.652521        0.6065
MDMin:   18 14:01:48     -195.677504        0.6090
MDMin:   19 14:01:51     -195.705757        0.6099
MDMin:   20 14:01:53     -195.737324        0.6085
MDMin:   21 14:01:56     -195.772240        0.6042
MDMin:   22 14:01:59     -195.810553        0.5964
MDMin:   23 14:02:01     -195.852320        0.5844
MDMin:   24 14:02:04     -195.897593        0.5681
MDMin:   25 14:02:07     -195.946466        0.5473
MDMin:   26 14:02:10     -195.999061        0.5224
MDMin:   27 14:02:12     -196.055423        0.4936
2025-07-12 14:02:12,923 INFO Task completed: {{pynta.tasks.MolecularOptimizationTask}}
2025-07-12 14:02:12,927 INFO Task started: FileTransferTask.
2025-07-12 14:02:12,950 INFO Task completed: FileTransferTask
2025-07-12 14:02:12,968 INFO Rocket finished
