Python path: /home/lekia.p/miniforge3/envs/pynta_env/bin/python
Conda environment: pynta_fairchem
ASE version: 3.22.1
2025-07-12 14:08:25,915 INFO Hostname/IP lookup (this will take a few seconds)
2025-07-12 14:08:25,916 INFO Launching Rocket
✅ Patched scipy.linalg.lapack.dsyevr
2025-07-12 14:08:29,326 INFO RUNNING fw_id: 38 in directory: /projects/westgroup/lekia.p/pynta/Fe/block_2025-07-12-17-50-43-929229/launcher_2025-07-12-18-08-01-589309
2025-07-12 14:08:29,383 INFO Task started: {{pynta.tasks.MolecularOptimizationTask}}.
       Step     Time          Energy         fmax
MDMin:    0 14:09:59     -182.521882        1.2247
MDMin:    1 14:10:01     -182.525552        1.1982
MDMin:    2 14:10:03     -182.535990        1.1188
MDMin:    3 14:10:05     -182.551484        0.9885
MDMin:    4 14:10:08     -182.569282        0.8212
MDMin:    5 14:10:10     -182.585841        0.5956
MDMin:    6 14:10:12     -182.597528        0.3156
2025-07-12 14:10:12,883 INFO Task completed: {{pynta.tasks.MolecularOptimizationTask}}
2025-07-12 14:10:12,887 INFO Task started: FileTransferTask.
2025-07-12 14:10:12,914 INFO Task completed: FileTransferTask
2025-07-12 14:10:12,933 INFO Rocket finished
