Python path: /home/lekia.p/miniforge3/envs/pynta_env/bin/python
Conda environment: pynta_fairchem
ASE version: 3.22.1
2025-07-12 15:12:32,701 INFO Hostname/IP lookup (this will take a few seconds)
2025-07-12 15:12:32,701 INFO Launching Rocket
✅ Patched scipy.linalg.lapack.dsyevr
2025-07-12 15:12:36,530 INFO RUNNING fw_id: 135 in directory: /projects/westgroup/lekia.p/pynta/Fe/block_2025-07-12-17-50-43-929229/launcher_2025-07-12-19-12-13-243023
2025-07-12 15:12:36,541 INFO Task started: {{pynta.tasks.MolecularOptimizationTask}}.
     Step     Time          Energy         fmax         cmax       rtrust          rho
Sella   0 15:14:08     -190.357047       8.3398       0.0000       0.1000       1.0000
Sella   1 15:15:39     -191.744745       5.6347       0.0000       0.1150       1.0188
Sella   2 15:15:42     -192.611199       4.2217       0.0000       0.1322       1.0144
Sella   3 15:15:46     -193.263468       3.0379       0.0000       0.1322       0.9615
Sella   4 15:15:49     -193.634041       1.4028       0.0000       0.1322       0.8459
Sella   5 15:15:52     -193.768568       1.5207       0.0000       0.1322       0.4946
Sella   6 15:15:55     -193.898512       0.5347       0.0000       0.1322       0.6307
Sella   7 15:15:58     -194.114730       0.5206       0.0000       0.1322       0.6477
Sella   8 15:16:02     -194.420551       0.8295       0.0000       0.1322       0.8217
Sella   9 15:16:05     -194.748161       0.9091       0.0000       0.1322       0.9155
Sella  10 15:16:08     -195.109000       0.9912       0.0000       0.1322       0.8633
Sella  11 15:16:11     -195.353660       1.1364       0.0000       0.1322       0.8346
Sella  12 15:16:15     -195.558427       1.4635       0.0000       0.1322       0.8673
Sella  13 15:16:18     -195.955802       1.1050       0.0000       0.1322       0.7280
Sella  14 15:16:21     -196.178094       0.6437       0.0000       0.1322       0.6310
Sella  15 15:16:25     -196.246063       0.3704       0.0000       0.1322       0.3639
Sella  16 15:16:28     -196.306844       0.5139       0.0000       0.1322       0.7013
Sella  17 15:16:31     -196.406208       0.7717       0.0000       0.1322       0.6988
Sella  18 15:16:35     -196.590229       0.9463       0.0000       0.1322       0.9194
Sella  19 15:16:38     -196.675411       0.5426       0.0000       0.1322       0.6888
Sella  20 15:16:42     -196.688336       0.5896       0.0000       0.1322       0.3638
Sella  21 15:16:46     -196.671279       0.5272       0.0000       0.0860      -0.4506
Sella  22 15:16:49     -196.639362       0.4611       0.0000       0.0860       2.6162
Sella  23 15:16:53     -196.580800       0.4062       0.0000       0.0860       1.3535
Sella  24 15:16:56     -196.517295       0.4420       0.0000       0.0860       1.2492
Sella  25 15:17:00     -196.455265       0.3881       0.0000       0.0989       1.0240
Sella  26 15:17:03     -196.433907       0.2595       0.0000       0.0643      -3.2402
Sella  27 15:17:07     -196.409115       0.1741       0.0000       0.0643       0.9182
Sella  28 15:17:10     -196.393997       0.2605       0.0000       0.0418      -7.7648
Sella  29 15:17:14     -196.390476       0.1339       0.0000       0.0418       1.4908
Sella  30 15:17:17     -196.385554       0.1019       0.0000       0.0418       0.9221
Sella  31 15:17:21     -196.384304       0.0620       0.0000       0.0418       1.2165
Sella  32 15:17:24     -196.384608       0.0507       0.0000       0.0418       0.6572
Sella  33 15:17:28     -196.385720       0.0310       0.0000       0.0418       1.1537
2025-07-12 15:17:28,186 INFO Task completed: {{pynta.tasks.MolecularOptimizationTask}}
2025-07-12 15:17:28,190 INFO Task started: FileTransferTask.
2025-07-12 15:17:28,213 INFO Task completed: FileTransferTask
2025-07-12 15:17:28,237 INFO Rocket finished
